{"/Users/udhakal/libraries/node-spring/packages/core/src/decorators/Request.ts": {"path":"/Users/udhakal/libraries/node-spring/packages/core/src/decorators/Request.ts","statementMap":{"0":{"start":{"line":4,"column":13},"end":{"line":4,"column":44}},"1":{"start":{"line":13,"column":4},"end":{"line":49,"column":6}},"2":{"start":{"line":14,"column":26},"end":{"line":14,"column":51}},"3":{"start":{"line":15,"column":8},"end":{"line":17,"column":null}},"4":{"start":{"line":16,"column":12},"end":{"line":16,"column":80}},"5":{"start":{"line":19,"column":31},"end":{"line":22,"column":15}},"6":{"start":{"line":26,"column":33},"end":{"line":26,"column":91}},"7":{"start":{"line":26,"column":75},"end":{"line":26,"column":90}},"8":{"start":{"line":28,"column":24},"end":{"line":28,"column":43}},"9":{"start":{"line":30,"column":8},"end":{"line":43,"column":null}},"10":{"start":{"line":31,"column":30},"end":{"line":31,"column":57}},"11":{"start":{"line":32,"column":12},"end":{"line":36,"column":14}},"12":{"start":{"line":38,"column":12},"end":{"line":42,"column":15}},"13":{"start":{"line":44,"column":8},"end":{"line":48,"column":10}},"14":{"start":{"line":12,"column":0},"end":{"line":12,"column":16}},"15":{"start":{"line":52,"column":0},"end":{"line":52,"column":23}}},"fnMap":{"0":{"name":"Request","decl":{"start":{"line":12,"column":16},"end":{"line":12,"column":23}},"loc":{"start":{"line":12,"column":64},"end":{"line":50,"column":1}}},"1":{"name":"(anonymous_1)","decl":{"start":{"line":13,"column":11},"end":{"line":13,"column":20}},"loc":{"start":{"line":13,"column":44},"end":{"line":49,"column":5}}},"2":{"name":"(anonymous_2)","decl":{"start":{"line":26,"column":58},"end":{"line":26,"column":59}},"loc":{"start":{"line":26,"column":75},"end":{"line":26,"column":90}}}},"branchMap":{"0":{"loc":{"start":{"line":12,"column":35},"end":{"line":12,"column":40}},"type":"default-arg","locations":[{"start":{"line":12,"column":35},"end":{"line":12,"column":40}}]},"1":{"loc":{"start":{"line":14,"column":45},"end":{"line":14,"column":47}},"type":"cond-expr","locations":[{"start":{"line":14,"column":45},"end":{"line":14,"column":47}},{"start":{"line":14,"column":45},"end":{"line":14,"column":51}}]},"2":{"loc":{"start":{"line":14,"column":26},"end":{"line":14,"column":47}},"type":"binary-expr","locations":[{"start":{"line":14,"column":26},"end":{"line":14,"column":47}},{"start":{"line":14,"column":45},"end":{"line":14,"column":47}}]},"3":{"loc":{"start":{"line":14,"column":32},"end":{"line":14,"column":34}},"type":"cond-expr","locations":[{"start":{"line":14,"column":32},"end":{"line":14,"column":34}},{"start":{"line":14,"column":26},"end":{"line":14,"column":45}}]},"4":{"loc":{"start":{"line":14,"column":26},"end":{"line":14,"column":34}},"type":"binary-expr","locations":[{"start":{"line":14,"column":26},"end":{"line":14,"column":34}},{"start":{"line":14,"column":26},"end":{"line":14,"column":34}}]},"5":{"loc":{"start":{"line":15,"column":8},"end":{"line":17,"column":null}},"type":"if","locations":[{"start":{"line":15,"column":8},"end":{"line":17,"column":null}},{"start":{"line":15,"column":8},"end":{"line":17,"column":null}}]},"6":{"loc":{"start":{"line":19,"column":31},"end":{"line":21,"column":null}},"type":"binary-expr","locations":[{"start":{"line":19,"column":31},"end":{"line":21,"column":null}},{"start":{"line":22,"column":13},"end":{"line":22,"column":15}}]},"7":{"loc":{"start":{"line":30,"column":8},"end":{"line":43,"column":null}},"type":"if","locations":[{"start":{"line":30,"column":8},"end":{"line":43,"column":null}},{"start":{"line":30,"column":8},"end":{"line":43,"column":null}}]}},"s":{"0":1,"1":5,"2":6,"3":6,"4":1,"5":5,"6":5,"7":4,"8":5,"9":5,"10":4,"11":4,"12":1,"13":5,"14":1,"15":1},"f":{"0":5,"1":6,"2":4},"b":{"0":[0],"1":[1,5],"2":[6,6],"3":[1,5],"4":[6,5],"5":[1,5],"6":[5,1],"7":[4,1]}}
}
