TN:
SF:src/decorators/Request.ts
FN:12,Request
FN:13,(anonymous_1)
FN:26,(anonymous_2)
FNF:3
FNH:3
FNDA:5,Request
FNDA:6,(anonymous_1)
FNDA:4,(anonymous_2)
DA:4,1
DA:12,1
DA:13,5
DA:14,6
DA:15,6
DA:16,1
DA:19,5
DA:26,5
DA:28,5
DA:30,5
DA:31,4
DA:32,4
DA:38,1
DA:44,5
DA:52,1
LF:15
LH:15
BRDA:12,0,0,0
BRDA:14,1,0,1
BRDA:14,1,1,5
BRDA:14,2,0,6
BRDA:14,2,1,6
BRDA:14,3,0,1
BRDA:14,3,1,5
BRDA:14,4,0,6
BRDA:14,4,1,5
BRDA:15,5,0,1
BRDA:15,5,1,5
BRDA:19,6,0,5
BRDA:19,6,1,1
BRDA:30,7,0,4
BRDA:30,7,1,1
BRF:15
BRH:14
end_of_record
